<?xml version="1.0" encoding="UTF-8"?>
<testsuite name="org.jmt.board01.DataSourceTest" tests="1" skipped="0" failures="0" errors="0" timestamp="2025-03-31T01:27:49.332Z" hostname="DESKTOP-FDCFACG" time="1.019">
  <properties/>
  <testcase name="deleteTest()" classname="org.jmt.board01.DataSourceTest" time="1.019"/>
  <system-out><![CDATA[10:27:47.543 [Test worker] INFO org.springframework.test.context.support.AnnotationConfigContextLoaderUtils -- Could not detect default configuration classes for test class [org.jmt.board01.DataSourceTest]: DataSourceTest does not declare any static, non-private, non-final, nested classes annotated with @Configuration.
10:27:47.646 [Test worker] INFO org.springframework.boot.test.context.SpringBootTestContextBootstrapper -- Found @SpringBootConfiguration org.jmt.board01.Board01Application for test class org.jmt.board01.DataSourceTest

  .   ____          _            __ _ _
 /\\ / ___'_ __ _ _(_)_ __  __ _ \ \ \ \
( ( )\___ | '_ | '_| | '_ \/ _` | \ \ \ \
 \\/  ___)| |_)| | | | | || (_| |  ) ) ) )
  '  |____| .__|_| |_|_| |_\__, | / / / /
 =========|_|==============|___/=/_/_/_/

 :: Spring Boot ::                (v3.4.4)

2025-03-31T10:27:48.087+09:00  INFO 9272 --- [    Test worker] org.jmt.board01.DataSourceTest           : Starting DataSourceTest using Java 17.0.13 with PID 9272 (started by admin in D:\JMT\Spring_boot\work\board01)
2025-03-31T10:27:48.092+09:00 DEBUG 9272 --- [    Test worker] org.jmt.board01.DataSourceTest           : Running with Spring Boot v3.4.4, Spring v6.2.5
2025-03-31T10:27:48.093+09:00  INFO 9272 --- [    Test worker] org.jmt.board01.DataSourceTest           : No active profile set, falling back to 1 default profile: "default"
2025-03-31T10:27:49.315+09:00  INFO 9272 --- [    Test worker] org.jmt.board01.DataSourceTest           : Started DataSourceTest in 1.47 seconds (process running for 2.555)
2025-03-31T10:27:49.992+09:00  INFO 9272 --- [    Test worker] com.zaxxer.hikari.HikariDataSource       : HikariPool-1 - Starting...
2025-03-31T10:27:50.287+09:00  INFO 9272 --- [    Test worker] com.zaxxer.hikari.pool.HikariPool        : HikariPool-1 - Added connection com.mysql.cj.jdbc.ConnectionImpl@3dd591b9
2025-03-31T10:27:50.290+09:00  INFO 9272 --- [    Test worker] com.zaxxer.hikari.HikariDataSource       : HikariPool-1 - Start completed.
2025-03-31T10:27:50.297+09:00 DEBUG 9272 --- [    Test worker] o.j.b.mapper.BoardMapper.deleteByBno     : ==>  Preparing: delete from tbl_board where bno=?
2025-03-31T10:27:50.332+09:00 DEBUG 9272 --- [    Test worker] o.j.b.mapper.BoardMapper.deleteByBno     : ==> Parameters: 1(Integer)
2025-03-31T10:27:50.338+09:00 DEBUG 9272 --- [    Test worker] o.j.b.mapper.BoardMapper.deleteByBno     : <==    Updates: 1
]]></system-out>
  <system-err><![CDATA[]]></system-err>
</testsuite>
